# JRE version: Java(TM) SE Runtime Environment (8.0_111-b14) (build 1.8.0_111-b14)
# Java VM: Java HotSpot(TM) 64-Bit Server VM (25.111-b14 mixed mode windows-amd64 compressed oops)
Heap:
 PSYoungGen      total 149504K, used 39421K [0x00000000d6700000, 0x00000000e2c80000, 0x0000000100000000)
  eden space 136704K, 28% used [0x00000000d6700000,0x00000000d8d7f708,0x00000000dec80000)
  from space 12800K, 0% used [0x00000000df800000,0x00000000df800000,0x00000000e0480000)
  to   space 11776K, 0% used [0x00000000dec80000,0x00000000dec80000,0x00000000df800000)
 ParOldGen       total 101376K, used 13078K [0x0000000083400000, 0x0000000089700000, 0x00000000d6700000)
  object space 101376K, 12% used [0x0000000083400000,0x00000000840c5ad0,0x0000000089700000)
 Metaspace       used 37060K, capacity 38616K, committed 38872K, reserved 1083392K
  class space    used 4772K, capacity 5092K, committed 5120K, reserved 1048576K
GC Heap History (10 events):
Event: 1.975 GC heap before
{Heap before GC invocations=4 (full 1):
 PSYoungGen      total 70656K, used 5112K [0x00000000d6700000, 0x00000000df100000, 0x0000000100000000)
  eden space 65536K, 0% used [0x00000000d6700000,0x00000000d6700000,0x00000000da700000)
  from space 5120K, 99% used [0x00000000da700000,0x00000000dabfe040,0x00000000dac00000)
  to   space 5120K, 0% used [0x00000000dec00000,0x00000000dec00000,0x00000000df100000)
 ParOldGen       total 86016K, used 6256K [0x0000000083400000, 0x0000000088800000, 0x00000000d6700000)
  object space 86016K, 7% used [0x0000000083400000,0x0000000083a1c300,0x0000000088800000)
 Metaspace       used 20661K, capacity 21186K, committed 21248K, reserved 1067008K
  class space    used 2634K, capacity 2796K, committed 2816K, reserved 1048576K
Event: 2.027 GC heap after
Heap after GC invocations=4 (full 1):
 PSYoungGen      total 70656K, used 0K [0x00000000d6700000, 0x00000000df100000, 0x0000000100000000)
  eden space 65536K, 0% used [0x00000000d6700000,0x00000000d6700000,0x00000000da700000)
  from space 5120K, 0% used [0x00000000da700000,0x00000000da700000,0x00000000dac00000)
  to   space 5120K, 0% used [0x00000000dec00000,0x00000000dec00000,0x00000000df100000)
 ParOldGen       total 68608K, used 10681K [0x0000000083400000, 0x0000000087700000, 0x00000000d6700000)
  object space 68608K, 15% used [0x0000000083400000,0x0000000083e6e4c0,0x0000000087700000)
 Metaspace       used 20659K, capacity 21180K, committed 21248K, reserved 1067008K
  class space    used 2634K, capacity 2795K, committed 2816K, reserved 1048576K
}
Event: 3.001 GC heap before
{Heap before GC invocations=5 (full 1):
 PSYoungGen      total 70656K, used 65536K [0x00000000d6700000, 0x00000000df100000, 0x0000000100000000)
  eden space 65536K, 100% used [0x00000000d6700000,0x00000000da700000,0x00000000da700000)
  from space 5120K, 0% used [0x00000000da700000,0x00000000da700000,0x00000000dac00000)
  to   space 5120K, 0% used [0x00000000dec00000,0x00000000dec00000,0x00000000df100000)
 ParOldGen       total 68608K, used 10681K [0x0000000083400000, 0x0000000087700000, 0x00000000d6700000)
  object space 68608K, 15% used [0x0000000083400000,0x0000000083e6e4c0,0x0000000087700000)
 Metaspace       used 25809K, capacity 26568K, committed 26752K, reserved 1073152K
  class space    used 3254K, capacity 3445K, committed 3456K, reserved 1048576K
Event: 3.032 GC heap after
Heap after GC invocations=5 (full 1):
 PSYoungGen      total 100864K, used 5109K [0x00000000d6700000, 0x00000000df100000, 0x0000000100000000)
  eden space 95744K, 0% used [0x00000000d6700000,0x00000000d6700000,0x00000000dc480000)
  from space 5120K, 99% used [0x00000000dec00000,0x00000000df0fd670,0x00000000df100000)
  to   space 5120K, 0% used [0x00000000de700000,0x00000000de700000,0x00000000dec00000)
 ParOldGen       total 68608K, used 11832K [0x0000000083400000, 0x0000000087700000, 0x00000000d6700000)
  object space 68608K, 17% used [0x0000000083400000,0x0000000083f8e210,0x0000000087700000)
 Metaspace       used 25809K, capacity 26568K, committed 26752K, reserved 1073152K
  class space    used 3254K, capacity 3445K, committed 3456K, reserved 1048576K
}
Event: 4.936 GC heap before
{Heap before GC invocations=6 (full 1):
 PSYoungGen      total 100864K, used 100853K [0x00000000d6700000, 0x00000000df100000, 0x0000000100000000)
  eden space 95744K, 100% used [0x00000000d6700000,0x00000000dc480000,0x00000000dc480000)
  from space 5120K, 99% used [0x00000000dec00000,0x00000000df0fd670,0x00000000df100000)
  to   space 5120K, 0% used [0x00000000de700000,0x00000000de700000,0x00000000dec00000)
 ParOldGen       total 68608K, used 11832K [0x0000000083400000, 0x0000000087700000, 0x00000000d6700000)
  object space 68608K, 17% used [0x0000000083400000,0x0000000083f8e210,0x0000000087700000)
 Metaspace       used 31779K, capacity 32948K, committed 33152K, reserved 1077248K
  class space    used 4108K, capacity 4378K, committed 4480K, reserved 1048576K
Event: 4.951 GC heap after
Heap after GC invocations=6 (full 1):
 PSYoungGen      total 136192K, used 5108K [0x00000000d6700000, 0x00000000e0480000, 0x0000000100000000)
  eden space 131072K, 0% used [0x00000000d6700000,0x00000000d6700000,0x00000000de700000)
  from space 5120K, 99% used [0x00000000de700000,0x00000000debfd030,0x00000000dec00000)
  to   space 12800K, 0% used [0x00000000df800000,0x00000000df800000,0x00000000e0480000)
 ParOldGen       total 68608K, used 17503K [0x0000000083400000, 0x0000000087700000, 0x00000000d6700000)
  object space 68608K, 25% used [0x0000000083400000,0x0000000084517fa8,0x0000000087700000)
 Metaspace       used 31779K, capacity 32948K, committed 33152K, reserved 1077248K
  class space    used 4108K, capacity 4378K, committed 4480K, reserved 1048576K
}
Event: 10.549 GC heap before
{Heap before GC invocations=7 (full 1):
 PSYoungGen      total 136192K, used 29953K [0x00000000d6700000, 0x00000000e0480000, 0x0000000100000000)
  eden space 131072K, 18% used [0x00000000d6700000,0x00000000d7f43630,0x00000000de700000)
  from space 5120K, 99% used [0x00000000de700000,0x00000000debfd030,0x00000000dec00000)
  to   space 12800K, 0% used [0x00000000df800000,0x00000000df800000,0x00000000e0480000)
 ParOldGen       total 68608K, used 17503K [0x0000000083400000, 0x0000000087700000, 0x00000000d6700000)
  object space 68608K, 25% used [0x0000000083400000,0x0000000084517fa8,0x0000000087700000)
 Metaspace       used 33859K, capacity 35368K, committed 35416K, reserved 1079296K
  class space    used 4414K, capacity 4726K, committed 4736K, reserved 1048576K
Event: 10.569 GC heap after
Heap after GC invocations=7 (full 1):
 PSYoungGen      total 149504K, used 7911K [0x00000000d6700000, 0x00000000e2c80000, 0x0000000100000000)
  eden space 136704K, 0% used [0x00000000d6700000,0x00000000d6700000,0x00000000dec80000)
  from space 12800K, 61% used [0x00000000df800000,0x00000000dffb9de0,0x00000000e0480000)
  to   space 11776K, 0% used [0x00000000dec80000,0x00000000dec80000,0x00000000df800000)
 ParOldGen       total 68608K, used 17511K [0x0000000083400000, 0x0000000087700000, 0x00000000d6700000)
  object space 68608K, 25% used [0x0000000083400000,0x0000000084519fa8,0x0000000087700000)
 Metaspace       used 33859K, capacity 35368K, committed 35416K, reserved 1079296K
  class space    used 4414K, capacity 4726K, committed 4736K, reserved 1048576K
}
Event: 10.569 GC heap before
{Heap before GC invocations=8 (full 2):
 PSYoungGen      total 149504K, used 7911K [0x00000000d6700000, 0x00000000e2c80000, 0x0000000100000000)
  eden space 136704K, 0% used [0x00000000d6700000,0x00000000d6700000,0x00000000dec80000)
  from space 12800K, 61% used [0x00000000df800000,0x00000000dffb9de0,0x00000000e0480000)
  to   space 11776K, 0% used [0x00000000dec80000,0x00000000dec80000,0x00000000df800000)
 ParOldGen       total 68608K, used 17511K [0x0000000083400000, 0x0000000087700000, 0x00000000d6700000)
  object space 68608K, 25% used [0x0000000083400000,0x0000000084519fa8,0x0000000087700000)
 Metaspace       used 33859K, capacity 35368K, committed 35416K, reserved 1079296K
  class space    used 4414K, capacity 4726K, committed 4736K, reserved 1048576K
Event: 10.671 GC heap after
Heap after GC invocations=8 (full 2):
 PSYoungGen      total 149504K, used 0K [0x00000000d6700000, 0x00000000e2c80000, 0x0000000100000000)
  eden space 136704K, 0% used [0x00000000d6700000,0x00000000d6700000,0x00000000dec80000)
  from space 12800K, 0% used [0x00000000df800000,0x00000000df800000,0x00000000e0480000)
  to   space 11776K, 0% used [0x00000000dec80000,0x00000000dec80000,0x00000000df800000)
 ParOldGen       total 101376K, used 13078K [0x0000000083400000, 0x0000000089700000, 0x00000000d6700000)
  object space 101376K, 12% used [0x0000000083400000,0x00000000840c5ad0,0x0000000089700000)
 Metaspace       used 33859K, capacity 35368K, committed 35416K, reserved 1079296K
  class space    used 4414K, capacity 4726K, committed 4736K, reserved 1048576K
}

